<?xml version="1.0" encoding="UTF-8"?>
<testng-results ignored="0" total="1" passed="1" failed="0" skipped="0">
  <reporter-output>
  </reporter-output>
  <suite started-at="2026-02-12T18:06:48 WIB" name="Surefire suite" finished-at="2026-02-12T18:06:55 WIB" duration-ms="6291">
    <groups>
    </groups>
    <test started-at="2026-02-12T18:06:48 WIB" name="Surefire test" finished-at="2026-02-12T18:06:55 WIB" duration-ms="6291">
      <class name="com.automation.test.ApiTesting">
        <test-method signature="verifyFakerApiTest()[pri:0, instance:com.automation.test.ApiTesting@255b53dc]" started-at="2026-02-12T18:06:48 WIB" name="verifyFakerApiTest" finished-at="2026-02-12T18:06:55 WIB" duration-ms="6180" status="PASS">
          <reporter-output>
          </reporter-output>
        </test-method> <!-- verifyFakerApiTest -->
      </class> <!-- com.automation.test.ApiTesting -->
    </test> <!-- Surefire test -->
  </suite> <!-- Surefire suite -->
</testng-results>
