<?xml version="1.0" encoding="UTF-8"?>
<testsuite xmlns:xsi="http://www.w3.org/2001/XMLSchema-instance" xsi:noNamespaceSchemaLocation="https://maven.apache.org/surefire/maven-surefire-plugin/xsd/surefire-test-report-3.0.xsd" version="3.0" name="com.automation.TestRunner" time="2.376" tests="1" errors="1" skipped="0" failures="0">
  <properties>
[...]
</properties>
  <testcase name="Menambahkan produk ke keranjang melalui fitur pencarian" classname="Keranjang Belanja Alfagift" time="0.973">
    <error message="Could not start a new session. Possible causes are invalid address of the remote server or browser start-up failure. org.openqa.selenium.remote.ProtocolHandshake.createSession(org.openqa.selenium.remote.http.HttpHandler,java.util.function.Supplier,long) &#10;Host info: host: &apos;DESKTOP-7TQSEAC&apos;, ip: &apos;192.168.1.10&apos;" type="org.openqa.selenium.SessionNotCreatedException"><![CDATA[org.openqa.selenium.SessionNotCreatedException: 
Could not start a new session. Possible causes are invalid address of the remote server or browser start-up failure. org.openqa.selenium.remote.ProtocolHandshake.createSession(org.openqa.selenium.remote.http.HttpHandler,java.util.function.Supplier,long) 
Host info: host: 'DESKTOP-7TQSEAC', ip: '192.168.1.10'
	at org.openqa.selenium.remote.RemoteWebDriver.execute(RemoteWebDriver.java:622)
	at io.appium.java_client.AppiumDriver.startSession(AppiumDriver.java:268)
	at org.openqa.selenium.remote.RemoteWebDriver.<init>(RemoteWebDriver.java:209)
	at org.openqa.selenium.remote.RemoteWebDriver.<init>(RemoteWebDriver.java:195)
	at io.appium.java_client.AppiumDriver.<init>(AppiumDriver.java:90)
	at io.appium.java_client.AppiumDriver.<init>(AppiumDriver.java:102)
	at io.appium.java_client.android.AndroidDriver.<init>(AndroidDriver.java:109)
	at com.automation.StepDefinitions.saya_membuka_aplikasi_alfagift(StepDefinitions.java:33)
	at ✽.saya membuka aplikasi Alfagift(file:///C:/Users/T14/Documents/GLI/Mobile_Alfagift_Automation/alfagift/src/test/resources/features/search_product.feature:4)
Caused by: org.openqa.selenium.WebDriverException: java.lang.NoSuchMethodException: org.openqa.selenium.remote.ProtocolHandshake.createSession(org.openqa.selenium.remote.http.HttpHandler,java.util.function.Supplier,long)
Build info: version: '4.40.0', revision: 'b3333f1'
System info: os.name: 'Windows 11', os.arch: 'amd64', os.version: '10.0', java.version: '17.0.18'
Driver info: driver.version: AndroidDriver
	at io.appium.java_client.remote.AppiumProtocolHandshake.createSession(AppiumProtocolHandshake.java:137)
	at io.appium.java_client.remote.AppiumProtocolHandshake.createSession(AppiumProtocolHandshake.java:102)
	at io.appium.java_client.remote.AppiumCommandExecutor.createSession(AppiumCommandExecutor.java:176)
	at io.appium.java_client.remote.AppiumCommandExecutor.execute(AppiumCommandExecutor.java:237)
	at org.openqa.selenium.remote.RemoteWebDriver.execute(RemoteWebDriver.java:601)
	at io.appium.java_client.AppiumDriver.startSession(AppiumDriver.java:268)
	at org.openqa.selenium.remote.RemoteWebDriver.<init>(RemoteWebDriver.java:209)
	at org.openqa.selenium.remote.RemoteWebDriver.<init>(RemoteWebDriver.java:195)
	at io.appium.java_client.AppiumDriver.<init>(AppiumDriver.java:90)
	at io.appium.java_client.AppiumDriver.<init>(AppiumDriver.java:102)
	at io.appium.java_client.android.AndroidDriver.<init>(AndroidDriver.java:109)
	at com.automation.StepDefinitions.saya_membuka_aplikasi_alfagift(StepDefinitions.java:33)
	at java.base/jdk.internal.reflect.NativeMethodAccessorImpl.invoke0(Native Method)
	at java.base/jdk.internal.reflect.NativeMethodAccessorImpl.invoke(NativeMethodAccessorImpl.java:77)
	at java.base/jdk.internal.reflect.DelegatingMethodAccessorImpl.invoke(DelegatingMethodAccessorImpl.java:43)
	at java.base/java.lang.reflect.Method.invoke(Method.java:568)
	at io.cucumber.java.Invoker.doInvoke(Invoker.java:66)
	at io.cucumber.java.Invoker.invoke(Invoker.java:24)
	at io.cucumber.java.AbstractGlueDefinition.invokeMethod(AbstractGlueDefinition.java:47)
	at io.cucumber.java.JavaStepDefinition.execute(JavaStepDefinition.java:29)
	at io.cucumber.core.runner.CoreStepDefinition.execute(CoreStepDefinition.java:66)
	at io.cucumber.core.runner.PickleStepDefinitionMatch.runStep(PickleStepDefinitionMatch.java:63)
	at io.cucumber.core.runner.ExecutionMode$1.execute(ExecutionMode.java:10)
	at io.cucumber.core.runner.TestStep.executeStep(TestStep.java:84)
	at io.cucumber.core.runner.TestStep.run(TestStep.java:56)
	at io.cucumber.core.runner.PickleStepTestStep.run(PickleStepTestStep.java:51)
	at io.cucumber.core.runner.TestCase.run(TestCase.java:84)
	at io.cucumber.core.runner.Runner.runPickle(Runner.java:75)
	at io.cucumber.junit.PickleRunners$NoStepDescriptions.lambda$run$0(PickleRunners.java:151)
	at io.cucumber.core.runtime.CucumberExecutionContext.lambda$runTestCase$5(CucumberExecutionContext.java:137)
	at io.cucumber.core.runtime.RethrowingThrowableCollector.executeAndThrow(RethrowingThrowableCollector.java:23)
	at io.cucumber.core.runtime.CucumberExecutionContext.runTestCase(CucumberExecutionContext.java:137)
	at io.cucumber.junit.PickleRunners$NoStepDescriptions.run(PickleRunners.java:148)
	at io.cucumber.junit.FeatureRunner.runChild(FeatureRunner.java:144)
	at io.cucumber.junit.FeatureRunner.runChild(FeatureRunner.java:28)
	at org.junit.runners.ParentRunner$4.run(ParentRunner.java:331)
	at org.junit.runners.ParentRunner$1.schedule(ParentRunner.java:79)
	at org.junit.runners.ParentRunner.runChildren(ParentRunner.java:329)
	at org.junit.runners.ParentRunner.access$100(ParentRunner.java:66)
	at org.junit.runners.ParentRunner$2.evaluate(ParentRunner.java:293)
	at org.junit.runners.ParentRunner$3.evaluate(ParentRunner.java:306)
	at org.junit.runners.ParentRunner.run(ParentRunner.java:413)
	at io.cucumber.junit.FeatureRunner.run(FeatureRunner.java:137)
	at io.cucumber.junit.Cucumber.runChild(Cucumber.java:196)
	at io.cucumber.junit.Cucumber.runChild(Cucumber.java:89)
	at org.junit.runners.ParentRunner$4.run(ParentRunner.java:331)
	at org.junit.runners.ParentRunner$1.schedule(ParentRunner.java:79)
	at org.junit.runners.ParentRunner.runChildren(ParentRunner.java:329)
	at org.junit.runners.ParentRunner.access$100(ParentRunner.java:66)
	at org.junit.runners.ParentRunner$2.evaluate(ParentRunner.java:293)
	at io.cucumber.core.runtime.CucumberExecutionContext.lambda$runFeatures$6(CucumberExecutionContext.java:148)
	at io.cucumber.core.runtime.CucumberExecutionContext.execute(CucumberExecutionContext.java:163)
	at io.cucumber.core.runtime.CucumberExecutionContext.runFeatures(CucumberExecutionContext.java:146)
	at io.cucumber.junit.Cucumber$StartAndFinishTestRun.evaluate(Cucumber.java:226)
	at org.junit.runners.ParentRunner$3.evaluate(ParentRunner.java:306)
	at org.junit.runners.ParentRunner.run(ParentRunner.java:413)
	at org.apache.maven.surefire.junit4.JUnit4Provider.execute(JUnit4Provider.java:316)
	at org.apache.maven.surefire.junit4.JUnit4Provider.executeWithRerun(JUnit4Provider.java:240)
	at org.apache.maven.surefire.junit4.JUnit4Provider.executeTestSet(JUnit4Provider.java:214)
	at org.apache.maven.surefire.junit4.JUnit4Provider.invoke(JUnit4Provider.java:155)
	at org.apache.maven.surefire.booter.ForkedBooter.runSuitesInProcess(ForkedBooter.java:385)
	at org.apache.maven.surefire.booter.ForkedBooter.execute(ForkedBooter.java:162)
	at org.apache.maven.surefire.booter.ForkedBooter.run(ForkedBooter.java:507)
	at org.apache.maven.surefire.booter.ForkedBooter.main(ForkedBooter.java:495)
Caused by: java.lang.NoSuchMethodException: org.openqa.selenium.remote.ProtocolHandshake.createSession(org.openqa.selenium.remote.http.HttpHandler,java.util.function.Supplier,long)
	at java.base/java.lang.Class.getDeclaredMethod(Class.java:2677)
	at io.appium.java_client.remote.AppiumProtocolHandshake.createSession(AppiumProtocolHandshake.java:128)
	... 63 more
]]></error>
    <system-out><![CDATA[
Scenario: Menambahkan produk ke keranjang melalui fitur pencarian    # src/test/resources/features/search_product.feature:3
  Given saya membuka aplikasi Alfagift                               # com.automation.StepDefinitions.saya_membuka_aplikasi_alfagift()
      org.openqa.selenium.SessionNotCreatedException: Could not start a new session. Possible causes are invalid address of the remote server or browser start-up failure. org.openqa.selenium.remote.ProtocolHandshake.createSession(org.openqa.selenium.remote.http.HttpHandler,java.util.function.Supplier,long) 
Host info: host: 'DESKTOP-7TQSEAC', ip: '192.168.1.10'
	at org.openqa.selenium.remote.RemoteWebDriver.execute(RemoteWebDriver.java:622)
	at io.appium.java_client.AppiumDriver.startSession(AppiumDriver.java:268)
	at org.openqa.selenium.remote.RemoteWebDriver.<init>(RemoteWebDriver.java:209)
	at org.openqa.selenium.remote.RemoteWebDriver.<init>(RemoteWebDriver.java:195)
	at io.appium.java_client.AppiumDriver.<init>(AppiumDriver.java:90)
	at io.appium.java_client.AppiumDriver.<init>(AppiumDriver.java:102)
	at io.appium.java_client.android.AndroidDriver.<init>(AndroidDriver.java:109)
	at com.automation.StepDefinitions.saya_membuka_aplikasi_alfagift(StepDefinitions.java:33)
	at âœ½.saya membuka aplikasi Alfagift(file:///C:/Users/T14/Documents/GLI/Mobile_Alfagift_Automation/alfagift/src/test/resources/features/search_product.feature:4)
Caused by: org.openqa.selenium.WebDriverException: java.lang.NoSuchMethodException: org.openqa.selenium.remote.ProtocolHandshake.createSession(org.openqa.selenium.remote.http.HttpHandler,java.util.function.Supplier,long)
Build info: version: '4.40.0', revision: 'b3333f1'
System info: os.name: 'Windows 11', os.arch: 'amd64', os.version: '10.0', java.version: '17.0.18'
Driver info: driver.version: AndroidDriver
	at io.appium.java_client.remote.AppiumProtocolHandshake.createSession(AppiumProtocolHandshake.java:137)
	at io.appium.java_client.remote.AppiumProtocolHandshake.createSession(AppiumProtocolHandshake.java:102)
	at io.appium.java_client.remote.AppiumCommandExecutor.createSession(AppiumCommandExecutor.java:176)
	at io.appium.java_client.remote.AppiumCommandExecutor.execute(AppiumCommandExecutor.java:237)
	at org.openqa.selenium.remote.RemoteWebDriver.execute(RemoteWebDriver.java:601)
	at io.appium.java_client.AppiumDriver.startSession(AppiumDriver.java:268)
	at org.openqa.selenium.remote.RemoteWebDriver.<init>(RemoteWebDriver.java:209)
	at org.openqa.selenium.remote.RemoteWebDriver.<init>(RemoteWebDriver.java:195)
	at io.appium.java_client.AppiumDriver.<init>(AppiumDriver.java:90)
	at io.appium.java_client.AppiumDriver.<init>(AppiumDriver.java:102)
	at io.appium.java_client.android.AndroidDriver.<init>(AndroidDriver.java:109)
	at com.automation.StepDefinitions.saya_membuka_aplikasi_alfagift(StepDefinitions.java:33)
	at java.base/jdk.internal.reflect.NativeMethodAccessorImpl.invoke0(Native Method)
	at java.base/jdk.internal.reflect.NativeMethodAccessorImpl.invoke(NativeMethodAccessorImpl.java:77)
	at java.base/jdk.internal.reflect.DelegatingMethodAccessorImpl.invoke(DelegatingMethodAccessorImpl.java:43)
	at java.base/java.lang.reflect.Method.invoke(Method.java:568)
	at io.cucumber.java.Invoker.doInvoke(Invoker.java:66)
	at io.cucumber.java.Invoker.invoke(Invoker.java:24)
	at io.cucumber.java.AbstractGlueDefinition.invokeMethod(AbstractGlueDefinition.java:47)
	at io.cucumber.java.JavaStepDefinition.execute(JavaStepDefinition.java:29)
	at io.cucumber.core.runner.CoreStepDefinition.execute(CoreStepDefinition.java:66)
	at io.cucumber.core.runner.PickleStepDefinitionMatch.runStep(PickleStepDefinitionMatch.java:63)
	at io.cucumber.core.runner.ExecutionMode$1.execute(ExecutionMode.java:10)
	at io.cucumber.core.runner.TestStep.executeStep(TestStep.java:84)
	at io.cucumber.core.runner.TestStep.run(TestStep.java:56)
	at io.cucumber.core.runner.PickleStepTestStep.run(PickleStepTestStep.java:51)
	at io.cucumber.core.runner.TestCase.run(TestCase.java:84)
	at io.cucumber.core.runner.Runner.runPickle(Runner.java:75)
	at io.cucumber.junit.PickleRunners$NoStepDescriptions.lambda$run$0(PickleRunners.java:151)
	at io.cucumber.core.runtime.CucumberExecutionContext.lambda$runTestCase$5(CucumberExecutionContext.java:137)
	at io.cucumber.core.runtime.RethrowingThrowableCollector.executeAndThrow(RethrowingThrowableCollector.java:23)
	at io.cucumber.core.runtime.CucumberExecutionContext.runTestCase(CucumberExecutionContext.java:137)
	at io.cucumber.junit.PickleRunners$NoStepDescriptions.run(PickleRunners.java:148)
	at io.cucumber.junit.FeatureRunner.runChild(FeatureRunner.java:144)
	at io.cucumber.junit.FeatureRunner.runChild(FeatureRunner.java:28)
	at org.junit.runners.ParentRunner$4.run(ParentRunner.java:331)
	at org.junit.runners.ParentRunner$1.schedule(ParentRunner.java:79)
	at org.junit.runners.ParentRunner.runChildren(ParentRunner.java:329)
	at org.junit.runners.ParentRunner.access$100(ParentRunner.java:66)
	at org.junit.runners.ParentRunner$2.evaluate(ParentRunner.java:293)
	at org.junit.runners.ParentRunner$3.evaluate(ParentRunner.java:306)
	at org.junit.runners.ParentRunner.run(ParentRunner.java:413)
	at io.cucumber.junit.FeatureRunner.run(FeatureRunner.java:137)
	at io.cucumber.junit.Cucumber.runChild(Cucumber.java:196)
	at io.cucumber.junit.Cucumber.runChild(Cucumber.java:89)
	at org.junit.runners.ParentRunner$4.run(ParentRunner.java:331)
	at org.junit.runners.ParentRunner$1.schedule(ParentRunner.java:79)
	at org.junit.runners.ParentRunner.runChildren(ParentRunner.java:329)
	at org.junit.runners.ParentRunner.access$100(ParentRunner.java:66)
	at org.junit.runners.ParentRunner$2.evaluate(ParentRunner.java:293)
	at io.cucumber.core.runtime.CucumberExecutionContext.lambda$runFeatures$6(CucumberExecutionContext.java:148)
	at io.cucumber.core.runtime.CucumberExecutionContext.execute(CucumberExecutionContext.java:163)
	at io.cucumber.core.runtime.CucumberExecutionContext.runFeatures(CucumberExecutionContext.java:146)
	at io.cucumber.junit.Cucumber$StartAndFinishTestRun.evaluate(Cucumber.java:226)
	at org.junit.runners.ParentRunner$3.evaluate(ParentRunner.java:306)
	at org.junit.runners.ParentRunner.run(ParentRunner.java:413)
	at org.apache.maven.surefire.junit4.JUnit4Provider.execute(JUnit4Provider.java:316)
	at org.apache.maven.surefire.junit4.JUnit4Provider.executeWithRerun(JUnit4Provider.java:240)
	at org.apache.maven.surefire.junit4.JUnit4Provider.executeTestSet(JUnit4Provider.java:214)
	at org.apache.maven.surefire.junit4.JUnit4Provider.invoke(JUnit4Provider.java:155)
	at org.apache.maven.surefire.booter.ForkedBooter.runSuitesInProcess(ForkedBooter.java:385)
	at org.apache.maven.surefire.booter.ForkedBooter.execute(ForkedBooter.java:162)
	at org.apache.maven.surefire.booter.ForkedBooter.run(ForkedBooter.java:507)
	at org.apache.maven.surefire.booter.ForkedBooter.main(ForkedBooter.java:495)
Caused by: java.lang.NoSuchMethodException: org.openqa.selenium.remote.ProtocolHandshake.createSession(org.openqa.selenium.remote.http.HttpHandler,java.util.function.Supplier,long)
	at java.base/java.lang.Class.getDeclaredMethod(Class.java:2677)
	at io.appium.java_client.remote.AppiumProtocolHandshake.createSession(AppiumProtocolHandshake.java:128)
	... 63 more

  And saya berada di halaman beranda                                 # com.automation.StepDefinitions.saya_berada_di_halaman_beranda()
  When saya mengetik "Susu" di kolom pencarian                       # com.automation.StepDefinitions.saya_mengetik_di_kolom_pencarian(java.lang.String)
  And saya menekan tombol cari                                       # com.automation.StepDefinitions.saya_menekan_tombol_cari()
  And saya klik tombol "+ Keranjang" pada produk pertama yang muncul # com.automation.StepDefinitions.saya_klik_tombol_tambah(java.lang.String)
  Then produk tersebut berhasil ditambahkan ke keranjang belanja     # com.automation.StepDefinitions.produk_berhasil_ditambahkan()
]]></system-out>
  </testcase>
</testsuite>